<?xml version="1.0" encoding="UTF-8"?>
<testsuite name="application.core.services.book_library.core.validators.FilterProductsByPriceValidatorTest" tests="4" skipped="0" failures="0" errors="0" timestamp="2020-11-26T15:21:00" hostname="PC" time="0.002">
  <properties/>
  <testcase name="validatePriceNegative()" classname="application.core.services.book_library.core.validators.FilterProductsByPriceValidatorTest" time="0.001"/>
  <testcase name="validatePriceMax1()" classname="application.core.services.book_library.core.validators.FilterProductsByPriceValidatorTest" time="0.0"/>
  <testcase name="validatePriceMax()" classname="application.core.services.book_library.core.validators.FilterProductsByPriceValidatorTest" time="0.0"/>
  <testcase name="validatePriceMin()" classname="application.core.services.book_library.core.validators.FilterProductsByPriceValidatorTest" time="0.0"/>
  <system-out><![CDATA[]]></system-out>
  <system-err><![CDATA[]]></system-err>
</testsuite>
