<?xml version="1.0" encoding="UTF-8"?>
<testsuite name="application.core.services.validators.DeleteProductValidatorTest" tests="2" skipped="0" failures="0" errors="0" timestamp="2020-11-26T15:21:00" hostname="PC" time="0.002">
  <properties/>
  <testcase name="test1()" classname="application.core.services.validators.DeleteProductValidatorTest" time="0.001"/>
  <testcase name="test2()" classname="application.core.services.validators.DeleteProductValidatorTest" time="0.001"/>
  <system-out><![CDATA[]]></system-out>
  <system-err><![CDATA[]]></system-err>
</testsuite>
