<?xml version="1.0" encoding="UTF-8"?>
<testsuite name="application.core.services.book_library.core.validators.GetProductByIdValidatorTest" tests="3" skipped="0" failures="0" errors="0" timestamp="2020-11-26T15:21:00" hostname="PC" time="0.001">
  <properties/>
  <testcase name="validateIdNegative()" classname="application.core.services.book_library.core.validators.GetProductByIdValidatorTest" time="0.001"/>
  <testcase name="validateIdZero()" classname="application.core.services.book_library.core.validators.GetProductByIdValidatorTest" time="0.0"/>
  <testcase name="validateId()" classname="application.core.services.book_library.core.validators.GetProductByIdValidatorTest" time="0.0"/>
  <system-out><![CDATA[]]></system-out>
  <system-err><![CDATA[]]></system-err>
</testsuite>
