<?xml version="1.0" encoding="UTF-8"?>
<testsuite name="application.core.services.book_library.core.validators.SearchProductValidatorTest" tests="10" skipped="0" failures="0" errors="0" timestamp="2020-11-26T15:21:00" hostname="PC" time="0.007">
  <properties/>
  <testcase name="validateErrorPageSizeNegative()" classname="application.core.services.book_library.core.validators.SearchProductValidatorTest" time="0.002"/>
  <testcase name="validateEmptyOrderByAndOrderDirection()" classname="application.core.services.book_library.core.validators.SearchProductValidatorTest" time="0.0"/>
  <testcase name="validateErrorEmptyOrderDirection()" classname="application.core.services.book_library.core.validators.SearchProductValidatorTest" time="0.001"/>
  <testcase name="validateErrorPageNumberNegative()" classname="application.core.services.book_library.core.validators.SearchProductValidatorTest" time="0.0"/>
  <testcase name="validateErrorPageNumberAndSizeNull()" classname="application.core.services.book_library.core.validators.SearchProductValidatorTest" time="0.0"/>
  <testcase name="validateErrorPageNumberNull()" classname="application.core.services.book_library.core.validators.SearchProductValidatorTest" time="0.001"/>
  <testcase name="validateNoErrorAllDataIn()" classname="application.core.services.book_library.core.validators.SearchProductValidatorTest" time="0.0"/>
  <testcase name="validateErrorEmptyBothNameAndDescription()" classname="application.core.services.book_library.core.validators.SearchProductValidatorTest" time="0.0"/>
  <testcase name="validateErrorEmptyOrderBy()" classname="application.core.services.book_library.core.validators.SearchProductValidatorTest" time="0.001"/>
  <testcase name="validateErrorPageSizeNull()" classname="application.core.services.book_library.core.validators.SearchProductValidatorTest" time="0.0"/>
  <system-out><![CDATA[]]></system-out>
  <system-err><![CDATA[]]></system-err>
</testsuite>
